# JRE version: Java(TM) SE Runtime Environment (8.0_40-b26) (build 1.8.0_40-b26)
# Java VM: Java HotSpot(TM) 64-Bit Server VM (25.40-b25 mixed mode windows-amd64 compressed oops)
Heap:
 PSYoungGen      total 37888K, used 27947K [0x00000000d6600000, 0x00000000d9000000, 0x0000000100000000)
  eden space 32768K, 76% used [0x00000000d6600000,0x00000000d7e99318,0x00000000d8600000)
  from space 5120K, 53% used [0x00000000d8b00000,0x00000000d8db1c38,0x00000000d9000000)
  to   space 5120K, 0% used [0x00000000d8600000,0x00000000d8600000,0x00000000d8b00000)
 ParOldGen       total 86016K, used 2518K [0x0000000083200000, 0x0000000088600000, 0x00000000d6600000)
  object space 86016K, 2% used [0x0000000083200000,0x0000000083475a68,0x0000000088600000)
 Metaspace       used 16287K, capacity 16448K, committed 16640K, reserved 1062912K
  class space    used 2224K, capacity 2234K, committed 2304K, reserved 1048576K
GC Heap History (4 events):
Event: 5.346 GC heap before
{Heap before GC invocations=1 (full 0):
 PSYoungGen      total 37888K, used 32768K [0x00000000d6600000, 0x00000000d9000000, 0x0000000100000000)
  eden space 32768K, 100% used [0x00000000d6600000,0x00000000d8600000,0x00000000d8600000)
  from space 5120K, 0% used [0x00000000d8b00000,0x00000000d8b00000,0x00000000d9000000)
  to   space 5120K, 0% used [0x00000000d8600000,0x00000000d8600000,0x00000000d8b00000)
 ParOldGen       total 86016K, used 0K [0x0000000083200000, 0x0000000088600000, 0x00000000d6600000)
  object space 86016K, 0% used [0x0000000083200000,0x0000000083200000,0x0000000088600000)
 Metaspace       used 14446K, capacity 14518K, committed 14848K, reserved 1062912K
  class space    used 1906K, capacity 1937K, committed 2048K, reserved 1048576K
Event: 5.354 GC heap after
Heap after GC invocations=1 (full 0):
 PSYoungGen      total 37888K, used 5112K [0x00000000d6600000, 0x00000000d9000000, 0x0000000100000000)
  eden space 32768K, 0% used [0x00000000d6600000,0x00000000d6600000,0x00000000d8600000)
  from space 5120K, 99% used [0x00000000d8600000,0x00000000d8afe098,0x00000000d8b00000)
  to   space 5120K, 0% used [0x00000000d8b00000,0x00000000d8b00000,0x00000000d9000000)
 ParOldGen       total 86016K, used 2510K [0x0000000083200000, 0x0000000088600000, 0x00000000d6600000)
  object space 86016K, 2% used [0x0000000083200000,0x0000000083473a68,0x0000000088600000)
 Metaspace       used 14446K, capacity 14518K, committed 14848K, reserved 1062912K
  class space    used 1906K, capacity 1937K, committed 2048K, reserved 1048576K
}
Event: 5.587 GC heap before
{Heap before GC invocations=2 (full 0):
 PSYoungGen      total 37888K, used 37880K [0x00000000d6600000, 0x00000000d9000000, 0x0000000100000000)
  eden space 32768K, 100% used [0x00000000d6600000,0x00000000d8600000,0x00000000d8600000)
  from space 5120K, 99% used [0x00000000d8600000,0x00000000d8afe098,0x00000000d8b00000)
  to   space 5120K, 0% used [0x00000000d8b00000,0x00000000d8b00000,0x00000000d9000000)
 ParOldGen       total 86016K, used 2510K [0x0000000083200000, 0x0000000088600000, 0x00000000d6600000)
  object space 86016K, 2% used [0x0000000083200000,0x0000000083473a68,0x0000000088600000)
 Metaspace       used 14974K, capacity 15094K, committed 15360K, reserved 1062912K
  class space    used 1971K, capacity 2001K, committed 2048K, reserved 1048576K
Event: 5.591 GC heap after
Heap after GC invocations=2 (full 0):
 PSYoungGen      total 37888K, used 2759K [0x00000000d6600000, 0x00000000d9000000, 0x0000000100000000)
  eden space 32768K, 0% used [0x00000000d6600000,0x00000000d6600000,0x00000000d8600000)
  from space 5120K, 53% used [0x00000000d8b00000,0x00000000d8db1c38,0x00000000d9000000)
  to   space 5120K, 0% used [0x00000000d8600000,0x00000000d8600000,0x00000000d8b00000)
 ParOldGen       total 86016K, used 2518K [0x0000000083200000, 0x0000000088600000, 0x00000000d6600000)
  object space 86016K, 2% used [0x0000000083200000,0x0000000083475a68,0x0000000088600000)
 Metaspace       used 14974K, capacity 15094K, committed 15360K, reserved 1062912K
  class space    used 1971K, capacity 2001K, committed 2048K, reserved 1048576K
}

